<?xml version="1.0" encoding="UTF-8"?>
<testng-results skipped="0" failed="0" ignored="0" total="1" passed="1">
  <reporter-output>
  </reporter-output>
  <suite name="Default suite" duration-ms="25411" started-at="2020-02-04T13:29:37Z" finished-at="2020-02-04T13:30:03Z">
    <groups>
    </groups>
    <test name="Default test" duration-ms="25411" started-at="2020-02-04T13:29:37Z" finished-at="2020-02-04T13:30:03Z">
      <class name="tests.Assignment1_FacebookLogin">
        <test-method status="PASS" signature="setUp()[pri:0, instance:tests.Assignment1_FacebookLogin@14acaea5]" name="setUp" is-config="true" duration-ms="7829" started-at="2020-02-04T13:29:37Z" finished-at="2020-02-04T13:29:45Z">
          <reporter-output>
          </reporter-output>
        </test-method> <!-- setUp -->
        <test-method status="PASS" signature="testFacebookLogin()[pri:0, instance:tests.Assignment1_FacebookLogin@14acaea5]" name="testFacebookLogin" duration-ms="17234" started-at="2020-02-04T13:29:45Z" finished-at="2020-02-04T13:30:03Z">
          <reporter-output>
          </reporter-output>
        </test-method> <!-- testFacebookLogin -->
        <test-method status="PASS" signature="teardown(org.testng.ITestResult)[pri:0, instance:tests.Assignment1_FacebookLogin@14acaea5]" name="teardown" is-config="true" duration-ms="320" started-at="2020-02-04T13:30:03Z" finished-at="2020-02-04T13:30:03Z">
          <params>
            <param index="0">
              <value>
                <![CDATA[[TestResult name=testFacebookLogin status=SUCCESS method=Assignment1_FacebookLogin.testFacebookLogin()[pri:0, instance:tests.Assignment1_FacebookLogin@14acaea5] output={null}]]]>
              </value>
            </param>
          </params>
          <reporter-output>
          </reporter-output>
        </test-method> <!-- teardown -->
      </class> <!-- tests.Assignment1_FacebookLogin -->
    </test> <!-- Default test -->
  </suite> <!-- Default suite -->
</testng-results>
